{"/Users/jonatas/repos/linkedin-addon/src/components/ExtensionAddon.ts": {"path":"/Users/jonatas/repos/linkedin-addon/src/components/ExtensionAddon.ts","statementMap":{"0":{"start":{"line":11,"column":4},"end":{"line":11,"column":12}},"1":{"start":{"line":2,"column":2},"end":{"line":2,"column":18}},"2":{"start":{"line":3,"column":2},"end":{"line":3,"column":28}},"3":{"start":{"line":4,"column":2},"end":{"line":4,"column":62}},"4":{"start":{"line":5,"column":2},"end":{"line":5,"column":67}},"5":{"start":{"line":6,"column":2},"end":{"line":6,"column":68}},"6":{"start":{"line":7,"column":2},"end":{"line":7,"column":67}},"7":{"start":{"line":8,"column":2},"end":{"line":8,"column":70}},"8":{"start":{"line":15,"column":4},"end":{"line":15,"column":17}},"9":{"start":{"line":16,"column":4},"end":{"line":16,"column":24}},"10":{"start":{"line":17,"column":4},"end":{"line":17,"column":30}},"11":{"start":{"line":21,"column":20},"end":{"line":21,"column":69}},"12":{"start":{"line":23,"column":4},"end":{"line":23,"column":43}},"13":{"start":{"line":23,"column":17},"end":{"line":23,"column":43}},"14":{"start":{"line":27,"column":4},"end":{"line":32,"column":6}},"15":{"start":{"line":36,"column":4},"end":{"line":36,"column":50}},"16":{"start":{"line":40,"column":4},"end":{"line":40,"column":50}},"17":{"start":{"line":44,"column":4},"end":{"line":44,"column":59}},"18":{"start":{"line":48,"column":4},"end":{"line":48,"column":61}},"19":{"start":{"line":52,"column":4},"end":{"line":52,"column":51}},"20":{"start":{"line":53,"column":4},"end":{"line":53,"column":56}},"21":{"start":{"line":54,"column":4},"end":{"line":54,"column":46}},"22":{"start":{"line":55,"column":4},"end":{"line":55,"column":70}},"23":{"start":{"line":56,"column":4},"end":{"line":59,"column":7}},"24":{"start":{"line":57,"column":6},"end":{"line":57,"column":54}},"25":{"start":{"line":58,"column":6},"end":{"line":58,"column":32}},"26":{"start":{"line":61,"column":4},"end":{"line":61,"column":55}},"27":{"start":{"line":62,"column":4},"end":{"line":62,"column":51}},"28":{"start":{"line":63,"column":4},"end":{"line":63,"column":65}},"29":{"start":{"line":64,"column":4},"end":{"line":64,"column":39}},"30":{"start":{"line":65,"column":4},"end":{"line":67,"column":7}},"31":{"start":{"line":66,"column":6},"end":{"line":66,"column":37}},"32":{"start":{"line":69,"column":4},"end":{"line":69,"column":56}},"33":{"start":{"line":70,"column":4},"end":{"line":70,"column":52}},"34":{"start":{"line":71,"column":4},"end":{"line":71,"column":67}},"35":{"start":{"line":72,"column":4},"end":{"line":72,"column":41}},"36":{"start":{"line":73,"column":4},"end":{"line":75,"column":7}},"37":{"start":{"line":74,"column":6},"end":{"line":74,"column":24}},"38":{"start":{"line":77,"column":4},"end":{"line":77,"column":55}},"39":{"start":{"line":78,"column":4},"end":{"line":78,"column":51}},"40":{"start":{"line":79,"column":4},"end":{"line":79,"column":65}},"41":{"start":{"line":80,"column":4},"end":{"line":80,"column":39}},"42":{"start":{"line":81,"column":4},"end":{"line":83,"column":7}},"43":{"start":{"line":82,"column":6},"end":{"line":82,"column":36}},"44":{"start":{"line":85,"column":4},"end":{"line":85,"column":58}},"45":{"start":{"line":86,"column":4},"end":{"line":86,"column":54}},"46":{"start":{"line":87,"column":4},"end":{"line":87,"column":71}},"47":{"start":{"line":88,"column":4},"end":{"line":88,"column":45}},"48":{"start":{"line":89,"column":4},"end":{"line":89,"column":67}},"49":{"start":{"line":93,"column":4},"end":{"line":93,"column":45}},"50":{"start":{"line":94,"column":4},"end":{"line":94,"column":46}},"51":{"start":{"line":95,"column":4},"end":{"line":95,"column":45}},"52":{"start":{"line":99,"column":4},"end":{"line":99,"column":28}},"53":{"start":{"line":100,"column":4},"end":{"line":100,"column":25}},"54":{"start":{"line":101,"column":4},"end":{"line":101,"column":30}},"55":{"start":{"line":105,"column":17},"end":{"line":105,"column":42}},"56":{"start":{"line":106,"column":4},"end":{"line":119,"column":5}},"57":{"start":{"line":107,"column":6},"end":{"line":114,"column":7}},"58":{"start":{"line":108,"column":8},"end":{"line":110,"column":11}},"59":{"start":{"line":109,"column":10},"end":{"line":109,"column":55}},"60":{"start":{"line":112,"column":8},"end":{"line":112,"column":59}},"61":{"start":{"line":113,"column":8},"end":{"line":113,"column":54}},"62":{"start":{"line":116,"column":6},"end":{"line":116,"column":39}},"63":{"start":{"line":118,"column":6},"end":{"line":118,"column":24}},"64":{"start":{"line":123,"column":4},"end":{"line":125,"column":5}},"65":{"start":{"line":124,"column":6},"end":{"line":124,"column":54}},"66":{"start":{"line":130,"column":21},"end":{"line":140,"column":6}},"67":{"start":{"line":131,"column":6},"end":{"line":139,"column":9}},"68":{"start":{"line":132,"column":8},"end":{"line":138,"column":9}},"69":{"start":{"line":133,"column":10},"end":{"line":137,"column":13}},"70":{"start":{"line":134,"column":12},"end":{"line":136,"column":13}},"71":{"start":{"line":135,"column":14},"end":{"line":135,"column":44}},"72":{"start":{"line":142,"column":27},"end":{"line":145,"column":6}},"73":{"start":{"line":147,"column":4},"end":{"line":147,"column":52}},"74":{"start":{"line":149,"column":4},"end":{"line":151,"column":7}},"75":{"start":{"line":150,"column":6},"end":{"line":150,"column":28}},"76":{"start":{"line":155,"column":20},"end":{"line":157,"column":6}},"77":{"start":{"line":158,"column":4},"end":{"line":158,"column":39}},"78":{"start":{"line":160,"column":20},"end":{"line":160,"column":53}},"79":{"start":{"line":161,"column":4},"end":{"line":161,"column":53}},"80":{"start":{"line":163,"column":17},"end":{"line":163,"column":47}},"81":{"start":{"line":165,"column":20},"end":{"line":165,"column":49}},"82":{"start":{"line":166,"column":4},"end":{"line":166,"column":53}},"83":{"start":{"line":168,"column":4},"end":{"line":168,"column":26}},"84":{"start":{"line":170,"column":19},"end":{"line":170,"column":51}},"85":{"start":{"line":171,"column":4},"end":{"line":171,"column":60}},"86":{"start":{"line":172,"column":4},"end":{"line":178,"column":6}},"87":{"start":{"line":180,"column":4},"end":{"line":180,"column":41}},"88":{"start":{"line":181,"column":4},"end":{"line":181,"column":42}},"89":{"start":{"line":182,"column":4},"end":{"line":182,"column":41}},"90":{"start":{"line":183,"column":4},"end":{"line":183,"column":44}},"91":{"start":{"line":185,"column":4},"end":{"line":185,"column":35}},"92":{"start":{"line":186,"column":4},"end":{"line":186,"column":30}},"93":{"start":{"line":188,"column":4},"end":{"line":188,"column":30}},"94":{"start":{"line":189,"column":4},"end":{"line":189,"column":32}},"95":{"start":{"line":191,"column":4},"end":{"line":191,"column":33}},"96":{"start":{"line":195,"column":18},"end":{"line":195,"column":49}},"97":{"start":{"line":196,"column":4},"end":{"line":196,"column":43}},"98":{"start":{"line":197,"column":4},"end":{"line":261,"column":6}},"99":{"start":{"line":263,"column":4},"end":{"line":263,"column":17}},"100":{"start":{"line":267,"column":4},"end":{"line":267,"column":27}},"101":{"start":{"line":268,"column":16},"end":{"line":268,"column":18}},"102":{"start":{"line":269,"column":19},"end":{"line":289,"column":10}},"103":{"start":{"line":270,"column":6},"end":{"line":270,"column":14}},"104":{"start":{"line":271,"column":6},"end":{"line":286,"column":7}},"105":{"start":{"line":272,"column":8},"end":{"line":281,"column":17}},"106":{"start":{"line":273,"column":36},"end":{"line":274,"column":null}},"107":{"start":{"line":277,"column":10},"end":{"line":280,"column":11}},"108":{"start":{"line":278,"column":12},"end":{"line":278,"column":38}},"109":{"start":{"line":279,"column":12},"end":{"line":279,"column":35}},"110":{"start":{"line":283,"column":8},"end":{"line":283,"column":26}},"111":{"start":{"line":284,"column":8},"end":{"line":284,"column":32}},"112":{"start":{"line":285,"column":8},"end":{"line":285,"column":15}},"113":{"start":{"line":288,"column":6},"end":{"line":288,"column":59}},"114":{"start":{"line":293,"column":4},"end":{"line":297,"column":7}},"115":{"start":{"line":294,"column":6},"end":{"line":296,"column":25}},"116":{"start":{"line":295,"column":8},"end":{"line":295,"column":22}},"117":{"start":{"line":302,"column":6},"end":{"line":303,"column":14}},"118":{"start":{"line":305,"column":4},"end":{"line":305,"column":23}},"119":{"start":{"line":307,"column":22},"end":{"line":307,"column":24}},"120":{"start":{"line":308,"column":21},"end":{"line":330,"column":12}},"121":{"start":{"line":309,"column":6},"end":{"line":313,"column":7}},"122":{"start":{"line":310,"column":8},"end":{"line":310,"column":32}},"123":{"start":{"line":311,"column":8},"end":{"line":311,"column":43}},"124":{"start":{"line":312,"column":8},"end":{"line":312,"column":15}},"125":{"start":{"line":315,"column":6},"end":{"line":329,"column":7}},"126":{"start":{"line":316,"column":29},"end":{"line":317,"column":null}},"127":{"start":{"line":319,"column":8},"end":{"line":325,"column":9}},"128":{"start":{"line":320,"column":10},"end":{"line":324,"column":12}},"129":{"start":{"line":326,"column":8},"end":{"line":326,"column":32}},"130":{"start":{"line":328,"column":8},"end":{"line":328,"column":22}},"131":{"start":{"line":334,"column":17},"end":{"line":334,"column":35}},"132":{"start":{"line":335,"column":25},"end":{"line":336,"column":null}},"133":{"start":{"line":338,"column":4},"end":{"line":338,"column":44}},"134":{"start":{"line":339,"column":4},"end":{"line":347,"column":5}},"135":{"start":{"line":340,"column":6},"end":{"line":344,"column":8}},"136":{"start":{"line":346,"column":6},"end":{"line":346,"column":39}},"137":{"start":{"line":1,"column":0},"end":{"line":1,"column":13}}},"fnMap":{"0":{"name":"(anonymous_7)","decl":{"start":{"line":10,"column":2},"end":{"line":10,"column":null}},"loc":{"start":{"line":10,"column":2},"end":{"line":12,"column":3}}},"1":{"name":"(anonymous_8)","decl":{"start":{"line":14,"column":2},"end":{"line":14,"column":19}},"loc":{"start":{"line":14,"column":19},"end":{"line":18,"column":3}}},"2":{"name":"(anonymous_9)","decl":{"start":{"line":20,"column":2},"end":{"line":20,"column":22}},"loc":{"start":{"line":20,"column":22},"end":{"line":24,"column":3}}},"3":{"name":"(anonymous_10)","decl":{"start":{"line":26,"column":2},"end":{"line":26,"column":8}},"loc":{"start":{"line":26,"column":31},"end":{"line":33,"column":3}}},"4":{"name":"(anonymous_11)","decl":{"start":{"line":35,"column":2},"end":{"line":35,"column":6}},"loc":{"start":{"line":35,"column":21},"end":{"line":37,"column":3}}},"5":{"name":"(anonymous_12)","decl":{"start":{"line":39,"column":2},"end":{"line":39,"column":6}},"loc":{"start":{"line":39,"column":21},"end":{"line":41,"column":3}}},"6":{"name":"(anonymous_13)","decl":{"start":{"line":43,"column":2},"end":{"line":43,"column":6}},"loc":{"start":{"line":43,"column":28},"end":{"line":45,"column":3}}},"7":{"name":"(anonymous_14)","decl":{"start":{"line":47,"column":2},"end":{"line":47,"column":6}},"loc":{"start":{"line":47,"column":31},"end":{"line":49,"column":3}}},"8":{"name":"(anonymous_15)","decl":{"start":{"line":51,"column":2},"end":{"line":51,"column":16}},"loc":{"start":{"line":51,"column":16},"end":{"line":90,"column":3}}},"9":{"name":"(anonymous_16)","decl":{"start":{"line":56,"column":43},"end":{"line":56,"column":46}},"loc":{"start":{"line":56,"column":48},"end":{"line":59,"column":5}}},"10":{"name":"(anonymous_17)","decl":{"start":{"line":65,"column":46},"end":{"line":65,"column":49}},"loc":{"start":{"line":65,"column":51},"end":{"line":67,"column":5}}},"11":{"name":"(anonymous_18)","decl":{"start":{"line":73,"column":47},"end":{"line":73,"column":50}},"loc":{"start":{"line":73,"column":52},"end":{"line":75,"column":5}}},"12":{"name":"(anonymous_19)","decl":{"start":{"line":81,"column":46},"end":{"line":81,"column":49}},"loc":{"start":{"line":81,"column":51},"end":{"line":83,"column":5}}},"13":{"name":"(anonymous_20)","decl":{"start":{"line":92,"column":2},"end":{"line":92,"column":20}},"loc":{"start":{"line":92,"column":20},"end":{"line":96,"column":3}}},"14":{"name":"(anonymous_21)","decl":{"start":{"line":98,"column":2},"end":{"line":98,"column":12}},"loc":{"start":{"line":98,"column":12},"end":{"line":102,"column":3}}},"15":{"name":"(anonymous_22)","decl":{"start":{"line":104,"column":2},"end":{"line":104,"column":24}},"loc":{"start":{"line":104,"column":24},"end":{"line":120,"column":3}}},"16":{"name":"(anonymous_23)","decl":{"start":{"line":108,"column":71},"end":{"line":108,"column":74}},"loc":{"start":{"line":108,"column":76},"end":{"line":110,"column":9}}},"17":{"name":"(anonymous_24)","decl":{"start":{"line":122,"column":2},"end":{"line":122,"column":13}},"loc":{"start":{"line":122,"column":13},"end":{"line":126,"column":3}}},"18":{"name":"(anonymous_25)","decl":{"start":{"line":128,"column":2},"end":{"line":128,"column":14}},"loc":{"start":{"line":128,"column":14},"end":{"line":152,"column":3}}},"19":{"name":"(anonymous_26)","decl":{"start":{"line":130,"column":42},"end":{"line":130,"column":43}},"loc":{"start":{"line":130,"column":60},"end":{"line":140,"column":5}}},"20":{"name":"(anonymous_27)","decl":{"start":{"line":131,"column":28},"end":{"line":131,"column":29}},"loc":{"start":{"line":131,"column":41},"end":{"line":139,"column":7}}},"21":{"name":"(anonymous_28)","decl":{"start":{"line":133,"column":38},"end":{"line":133,"column":39}},"loc":{"start":{"line":133,"column":52},"end":{"line":137,"column":11}}},"22":{"name":"(anonymous_29)","decl":{"start":{"line":149,"column":44},"end":{"line":149,"column":47}},"loc":{"start":{"line":149,"column":49},"end":{"line":151,"column":5}}},"23":{"name":"(anonymous_30)","decl":{"start":{"line":154,"column":2},"end":{"line":154,"column":7}},"loc":{"start":{"line":154,"column":7},"end":{"line":192,"column":3}}},"24":{"name":"(anonymous_31)","decl":{"start":{"line":194,"column":2},"end":{"line":194,"column":8}},"loc":{"start":{"line":194,"column":8},"end":{"line":264,"column":3}}},"25":{"name":"(anonymous_32)","decl":{"start":{"line":266,"column":2},"end":{"line":266,"column":17}},"loc":{"start":{"line":266,"column":77},"end":{"line":290,"column":3}}},"26":{"name":"(anonymous_33)","decl":{"start":{"line":269,"column":31},"end":{"line":269,"column":34}},"loc":{"start":{"line":269,"column":36},"end":{"line":289,"column":5}}},"27":{"name":"(anonymous_34)","decl":{"start":{"line":272,"column":19},"end":{"line":272,"column":22}},"loc":{"start":{"line":272,"column":24},"end":{"line":281,"column":9}}},"28":{"name":"(anonymous_35)","decl":{"start":{"line":292,"column":2},"end":{"line":292,"column":6}},"loc":{"start":{"line":292,"column":22},"end":{"line":298,"column":3}}},"29":{"name":"(anonymous_36)","decl":{"start":{"line":293,"column":23},"end":{"line":293,"column":24}},"loc":{"start":{"line":293,"column":35},"end":{"line":297,"column":5}}},"30":{"name":"(anonymous_37)","decl":{"start":{"line":294,"column":17},"end":{"line":294,"column":20}},"loc":{"start":{"line":294,"column":22},"end":{"line":296,"column":7}}},"31":{"name":"(anonymous_38)","decl":{"start":{"line":300,"column":8},"end":{"line":300,"column":29}},"loc":{"start":{"line":300,"column":42},"end":{"line":331,"column":null}}},"32":{"name":"(anonymous_40)","decl":{"start":{"line":308,"column":33},"end":{"line":308,"column":36}},"loc":{"start":{"line":308,"column":38},"end":{"line":330,"column":5}}},"33":{"name":"(anonymous_41)","decl":{"start":{"line":333,"column":2},"end":{"line":333,"column":25}},"loc":{"start":{"line":333,"column":25},"end":{"line":348,"column":3}}}},"branchMap":{"0":{"loc":{"start":{"line":23,"column":4},"end":{"line":23,"column":43}},"type":"if","locations":[{"start":{"line":23,"column":4},"end":{"line":23,"column":43}}]},"1":{"loc":{"start":{"line":107,"column":6},"end":{"line":114,"column":7}},"type":"if","locations":[{"start":{"line":107,"column":6},"end":{"line":114,"column":7}},{"start":{"line":111,"column":13},"end":{"line":114,"column":7}}]},"2":{"loc":{"start":{"line":107,"column":10},"end":{"line":107,"column":31}},"type":"cond-expr","locations":[{"start":{"line":107,"column":25},"end":{"line":107,"column":27}},{"start":{"line":107,"column":25},"end":{"line":107,"column":31}}]},"3":{"loc":{"start":{"line":107,"column":10},"end":{"line":107,"column":27}},"type":"binary-expr","locations":[{"start":{"line":107,"column":10},"end":{"line":107,"column":27}},{"start":{"line":107,"column":25},"end":{"line":107,"column":27}}]},"4":{"loc":{"start":{"line":107,"column":10},"end":{"line":107,"column":25}},"type":"cond-expr","locations":[{"start":{"line":107,"column":16},"end":{"line":107,"column":18}},{"start":{"line":107,"column":10},"end":{"line":107,"column":25}}]},"5":{"loc":{"start":{"line":107,"column":10},"end":{"line":107,"column":18}},"type":"binary-expr","locations":[{"start":{"line":107,"column":10},"end":{"line":107,"column":18}},{"start":{"line":107,"column":10},"end":{"line":107,"column":18}}]},"6":{"loc":{"start":{"line":123,"column":4},"end":{"line":125,"column":5}},"type":"if","locations":[{"start":{"line":123,"column":4},"end":{"line":125,"column":5}}]},"7":{"loc":{"start":{"line":123,"column":8},"end":{"line":123,"column":36}},"type":"cond-expr","locations":[{"start":{"line":123,"column":23},"end":{"line":123,"column":25}},{"start":{"line":123,"column":23},"end":{"line":123,"column":36}}]},"8":{"loc":{"start":{"line":123,"column":8},"end":{"line":123,"column":25}},"type":"binary-expr","locations":[{"start":{"line":123,"column":8},"end":{"line":123,"column":25}},{"start":{"line":123,"column":23},"end":{"line":123,"column":25}}]},"9":{"loc":{"start":{"line":123,"column":8},"end":{"line":123,"column":23}},"type":"cond-expr","locations":[{"start":{"line":123,"column":14},"end":{"line":123,"column":16}},{"start":{"line":123,"column":8},"end":{"line":123,"column":23}}]},"10":{"loc":{"start":{"line":123,"column":8},"end":{"line":123,"column":16}},"type":"binary-expr","locations":[{"start":{"line":123,"column":8},"end":{"line":123,"column":16}},{"start":{"line":123,"column":8},"end":{"line":123,"column":16}}]},"11":{"loc":{"start":{"line":132,"column":8},"end":{"line":138,"column":9}},"type":"if","locations":[{"start":{"line":132,"column":8},"end":{"line":138,"column":9}}]},"12":{"loc":{"start":{"line":134,"column":12},"end":{"line":136,"column":13}},"type":"if","locations":[{"start":{"line":134,"column":12},"end":{"line":136,"column":13}}]},"13":{"loc":{"start":{"line":134,"column":16},"end":{"line":134,"column":62}},"type":"cond-expr","locations":[{"start":{"line":134,"column":30},"end":{"line":134,"column":32}},{"start":{"line":134,"column":30},"end":{"line":134,"column":62}}]},"14":{"loc":{"start":{"line":134,"column":16},"end":{"line":134,"column":32}},"type":"binary-expr","locations":[{"start":{"line":134,"column":16},"end":{"line":134,"column":32}},{"start":{"line":134,"column":30},"end":{"line":134,"column":32}}]},"15":{"loc":{"start":{"line":156,"column":12},"end":{"line":156,"column":63}},"type":"cond-expr","locations":[{"start":{"line":156,"column":46},"end":{"line":156,"column":52}},{"start":{"line":156,"column":55},"end":{"line":156,"column":63}}]},"16":{"loc":{"start":{"line":271,"column":6},"end":{"line":286,"column":7}},"type":"if","locations":[{"start":{"line":271,"column":6},"end":{"line":286,"column":7}}]},"17":{"loc":{"start":{"line":277,"column":10},"end":{"line":280,"column":11}},"type":"if","locations":[{"start":{"line":277,"column":10},"end":{"line":280,"column":11}}]},"18":{"loc":{"start":{"line":309,"column":6},"end":{"line":313,"column":7}},"type":"if","locations":[{"start":{"line":309,"column":6},"end":{"line":313,"column":7}}]},"19":{"loc":{"start":{"line":315,"column":6},"end":{"line":329,"column":7}},"type":"if","locations":[{"start":{"line":315,"column":6},"end":{"line":329,"column":7}},{"start":{"line":327,"column":13},"end":{"line":329,"column":7}}]},"20":{"loc":{"start":{"line":319,"column":8},"end":{"line":325,"column":9}},"type":"if","locations":[{"start":{"line":319,"column":8},"end":{"line":325,"column":9}}]},"21":{"loc":{"start":{"line":339,"column":4},"end":{"line":347,"column":5}},"type":"if","locations":[{"start":{"line":339,"column":4},"end":{"line":347,"column":5}},{"start":{"line":345,"column":11},"end":{"line":347,"column":5}}]}},"s":{"0":7,"1":7,"2":7,"3":7,"4":7,"5":7,"6":7,"7":7,"8":7,"9":7,"10":7,"11":6,"12":6,"13":0,"14":0,"15":30,"16":1,"17":1,"18":2,"19":7,"20":7,"21":7,"22":7,"23":7,"24":4,"25":4,"26":7,"27":7,"28":7,"29":7,"30":7,"31":1,"32":7,"33":7,"34":7,"35":7,"36":7,"37":1,"38":7,"39":7,"40":7,"41":7,"42":7,"43":1,"44":7,"45":7,"46":7,"47":7,"48":7,"49":13,"50":13,"51":13,"52":2,"53":2,"54":2,"55":1,"56":1,"57":1,"58":1,"59":1,"60":0,"61":0,"62":0,"63":1,"64":0,"65":0,"66":7,"67":43,"68":49,"69":49,"70":28,"71":0,"72":7,"73":7,"74":7,"75":0,"76":7,"77":7,"78":7,"79":7,"80":7,"81":7,"82":7,"83":7,"84":7,"85":7,"86":7,"87":7,"88":7,"89":7,"90":7,"91":7,"92":7,"93":7,"94":7,"95":7,"96":7,"97":7,"98":7,"99":7,"100":1,"101":1,"102":1,"103":0,"104":0,"105":0,"106":0,"107":0,"108":0,"109":0,"110":0,"111":0,"112":0,"113":0,"114":0,"115":0,"116":0,"117":0,"118":0,"119":0,"120":0,"121":0,"122":0,"123":0,"124":0,"125":0,"126":0,"127":0,"128":0,"129":0,"130":0,"131":1,"132":1,"133":1,"134":1,"135":1,"136":0,"137":1},"f":{"0":7,"1":7,"2":6,"3":0,"4":30,"5":1,"6":1,"7":2,"8":7,"9":4,"10":1,"11":1,"12":1,"13":13,"14":2,"15":1,"16":1,"17":0,"18":7,"19":43,"20":49,"21":28,"22":0,"23":7,"24":7,"25":1,"26":0,"27":0,"28":0,"29":0,"30":0,"31":0,"32":0,"33":1},"b":{"0":[0],"1":[1,0],"2":[0,1],"3":[1,1],"4":[0,1],"5":[1,1],"6":[0],"7":[0,0],"8":[0,0],"9":[0,0],"10":[0,0],"11":[49],"12":[0],"13":[0,28],"14":[28,28],"15":[7,0],"16":[0],"17":[0],"18":[0],"19":[0,0],"20":[0],"21":[1,0]}}
,"/Users/jonatas/repos/linkedin-addon/src/service/api.ts": {"path":"/Users/jonatas/repos/linkedin-addon/src/service/api.ts","statementMap":{"0":{"start":{"line":15,"column":2},"end":{"line":28,"column":5}},"1":{"start":{"line":16,"column":4},"end":{"line":27,"column":7}},"2":{"start":{"line":14,"column":0},"end":{"line":14,"column":16}}},"fnMap":{"0":{"name":"mockServerDataReturn","decl":{"start":{"line":14,"column":16},"end":{"line":14,"column":36}},"loc":{"start":{"line":14,"column":36},"end":{"line":29,"column":1}}},"1":{"name":"(anonymous_1)","decl":{"start":{"line":15,"column":21},"end":{"line":15,"column":22}},"loc":{"start":{"line":15,"column":33},"end":{"line":28,"column":3}}}},"branchMap":{},"s":{"0":1,"1":1,"2":1},"f":{"0":1,"1":1},"b":{}}
}
