{"/Users/jonatas/repos/linkedin-addon/src/utils/execute-script.ts": {"path":"/Users/jonatas/repos/linkedin-addon/src/utils/execute-script.ts","statementMap":{"0":{"start":{"line":1,"column":36},"end":{"line":16,"column":null}},"1":{"start":{"line":8,"column":2},"end":{"line":15,"column":3}},"2":{"start":{"line":12,"column":4},"end":{"line":12,"column":35}},"3":{"start":{"line":14,"column":4},"end":{"line":14,"column":51}},"4":{"start":{"line":1,"column":0},"end":{"line":1,"column":22}}},"fnMap":{"0":{"name":"executeScript","decl":{"start":{"line":1,"column":22},"end":{"line":1,"column":35}},"loc":{"start":{"line":1,"column":35},"end":{"line":16,"column":null}}},"1":{"name":"(anonymous_8)","decl":{"start":{"line":1,"column":36},"end":{"line":1,"column":null}},"loc":{"start":{"line":7,"column":1},"end":{"line":16,"column":1}}}},"branchMap":{},"s":{"0":1,"1":1,"2":1,"3":0,"4":1},"f":{"0":1,"1":1},"b":{}}
,"/Users/jonatas/repos/linkedin-addon/src/utils/get-active-tab-url.ts": {"path":"/Users/jonatas/repos/linkedin-addon/src/utils/get-active-tab-url.ts","statementMap":{"0":{"start":{"line":2,"column":21},"end":{"line":2,"column":62}},"1":{"start":{"line":3,"column":14},"end":{"line":3,"column":51}},"2":{"start":{"line":4,"column":2},"end":{"line":4,"column":13}},"3":{"start":{"line":1,"column":0},"end":{"line":1,"column":22}}},"fnMap":{"0":{"name":"getActiveTabURL","decl":{"start":{"line":1,"column":22},"end":{"line":1,"column":37}},"loc":{"start":{"line":1,"column":37},"end":{"line":5,"column":null}}}},"branchMap":{},"s":{"0":1,"1":1,"2":1,"3":1},"f":{"0":1},"b":{}}
}
