TN:
SF:src/components/ExtensionAddon.ts
FN:10,(anonymous_7)
FN:14,(anonymous_8)
FN:20,(anonymous_9)
FN:26,(anonymous_10)
FN:35,(anonymous_11)
FN:39,(anonymous_12)
FN:43,(anonymous_13)
FN:47,(anonymous_14)
FN:51,(anonymous_15)
FN:56,(anonymous_16)
FN:65,(anonymous_17)
FN:73,(anonymous_18)
FN:81,(anonymous_19)
FN:92,(anonymous_20)
FN:98,(anonymous_21)
FN:104,(anonymous_22)
FN:108,(anonymous_23)
FN:122,(anonymous_24)
FN:128,(anonymous_25)
FN:130,(anonymous_26)
FN:131,(anonymous_27)
FN:133,(anonymous_28)
FN:149,(anonymous_29)
FN:154,(anonymous_30)
FN:194,(anonymous_31)
FN:266,(anonymous_32)
FN:269,(anonymous_33)
FN:272,(anonymous_34)
FN:293,(anonymous_35)
FN:294,(anonymous_36)
FN:295,(anonymous_37)
FN:301,(anonymous_38)
FN:309,(anonymous_40)
FN:334,(anonymous_41)
FNF:34
FNH:26
FNDA:7,(anonymous_7)
FNDA:7,(anonymous_8)
FNDA:6,(anonymous_9)
FNDA:0,(anonymous_10)
FNDA:30,(anonymous_11)
FNDA:1,(anonymous_12)
FNDA:1,(anonymous_13)
FNDA:2,(anonymous_14)
FNDA:7,(anonymous_15)
FNDA:4,(anonymous_16)
FNDA:1,(anonymous_17)
FNDA:1,(anonymous_18)
FNDA:1,(anonymous_19)
FNDA:14,(anonymous_20)
FNDA:3,(anonymous_21)
FNDA:1,(anonymous_22)
FNDA:1,(anonymous_23)
FNDA:0,(anonymous_24)
FNDA:7,(anonymous_25)
FNDA:43,(anonymous_26)
FNDA:49,(anonymous_27)
FNDA:28,(anonymous_28)
FNDA:0,(anonymous_29)
FNDA:7,(anonymous_30)
FNDA:7,(anonymous_31)
FNDA:1,(anonymous_32)
FNDA:15,(anonymous_33)
FNDA:1,(anonymous_34)
FNDA:0,(anonymous_35)
FNDA:0,(anonymous_36)
FNDA:0,(anonymous_37)
FNDA:0,(anonymous_38)
FNDA:0,(anonymous_40)
FNDA:1,(anonymous_41)
DA:1,1
DA:2,7
DA:3,7
DA:4,7
DA:5,7
DA:6,7
DA:7,7
DA:8,7
DA:11,7
DA:15,7
DA:16,7
DA:17,7
DA:21,6
DA:23,6
DA:27,0
DA:36,30
DA:40,1
DA:44,1
DA:48,2
DA:52,7
DA:53,7
DA:54,7
DA:55,7
DA:56,7
DA:57,4
DA:58,4
DA:61,7
DA:62,7
DA:63,7
DA:64,7
DA:65,7
DA:66,1
DA:69,7
DA:70,7
DA:71,7
DA:72,7
DA:73,7
DA:74,1
DA:77,7
DA:78,7
DA:79,7
DA:80,7
DA:81,7
DA:82,1
DA:85,7
DA:86,7
DA:87,7
DA:88,7
DA:89,7
DA:93,14
DA:94,14
DA:95,14
DA:99,3
DA:100,3
DA:101,3
DA:105,1
DA:106,1
DA:107,1
DA:108,1
DA:109,1
DA:112,0
DA:113,0
DA:116,0
DA:118,1
DA:123,0
DA:124,0
DA:130,7
DA:131,43
DA:132,49
DA:133,49
DA:134,28
DA:135,0
DA:142,7
DA:147,7
DA:149,7
DA:150,0
DA:155,7
DA:158,7
DA:160,7
DA:161,7
DA:163,7
DA:165,7
DA:166,7
DA:168,7
DA:170,7
DA:171,7
DA:172,7
DA:180,7
DA:181,7
DA:182,7
DA:183,7
DA:185,7
DA:186,7
DA:188,7
DA:189,7
DA:191,7
DA:195,7
DA:196,7
DA:197,7
DA:263,7
DA:267,1
DA:268,1
DA:269,1
DA:270,15
DA:271,15
DA:272,1
DA:273,1
DA:277,1
DA:278,1
DA:280,1
DA:284,1
DA:285,1
DA:286,1
DA:289,14
DA:294,0
DA:295,0
DA:296,0
DA:303,0
DA:306,0
DA:308,0
DA:309,0
DA:310,0
DA:311,0
DA:312,0
DA:313,0
DA:316,0
DA:317,0
DA:320,0
DA:321,0
DA:327,0
DA:329,0
DA:335,1
DA:336,1
DA:339,1
DA:340,1
DA:341,1
DA:347,0
LF:137
LH:111
BRDA:23,0,0,0
BRDA:107,1,0,1
BRDA:107,1,1,0
BRDA:107,2,0,0
BRDA:107,2,1,1
BRDA:107,3,0,1
BRDA:107,3,1,1
BRDA:107,4,0,0
BRDA:107,4,1,1
BRDA:107,5,0,1
BRDA:107,5,1,1
BRDA:123,6,0,0
BRDA:123,7,0,0
BRDA:123,7,1,0
BRDA:123,8,0,0
BRDA:123,8,1,0
BRDA:123,9,0,0
BRDA:123,9,1,0
BRDA:123,10,0,0
BRDA:123,10,1,0
BRDA:132,11,0,49
BRDA:134,12,0,0
BRDA:134,13,0,0
BRDA:134,13,1,28
BRDA:134,14,0,28
BRDA:134,14,1,28
BRDA:156,15,0,7
BRDA:156,15,1,0
BRDA:271,16,0,1
BRDA:277,17,0,1
BRDA:310,18,0,0
BRDA:316,19,0,0
BRDA:316,19,1,0
BRDA:320,20,0,0
BRDA:340,21,0,1
BRDA:340,21,1,0
BRF:36
BRH:15
end_of_record
TN:
SF:src/service/api.ts
FN:14,mockServerDataReturn
FN:15,(anonymous_1)
FNF:2
FNH:2
FNDA:1,mockServerDataReturn
FNDA:1,(anonymous_1)
DA:14,1
DA:15,1
DA:16,1
LF:3
LH:3
BRF:0
BRH:0
end_of_record
